Using pre-set license
Built from '2021.2/staging' branch; Version is '2021.2.7f1 (6bd9e232123f) revision 7068130'; Using compiler version '192829333'; Build Type 'Release'
OS: 'Windows 10  (10.0.19042) 64bit Enterprise' Language: 'ru' Physical Memory: 16085 MB
BatchMode: 1, IsHumanControllingUs: 0, StartBugReporterOnCrash: 0, Is64bit: 1, IsPro: 0

COMMAND LINE ARGUMENTS:
C:\Program Files\Unity\Hub\Editor\2021.2.7f1\Editor\Unity.exe
-adb2
-batchMode
-noUpm
-name
AssetImportWorker0
-projectPath
C:/GitHub/RockOfDestruction/Rock of Destruction!
-logFile
Logs/AssetImportWorker0.log
-srvPort
58737
Successfully changed project path to: C:/GitHub/RockOfDestruction/Rock of Destruction!
C:/GitHub/RockOfDestruction/Rock of Destruction!
[UnityMemory] Configuration Parameters - Can be set up in boot.config
    "memorysetup-bucket-allocator-granularity=16"
    "memorysetup-bucket-allocator-bucket-count=8"
    "memorysetup-bucket-allocator-block-size=33554432"
    "memorysetup-bucket-allocator-block-count=8"
    "memorysetup-main-allocator-block-size=16777216"
    "memorysetup-thread-allocator-block-size=16777216"
    "memorysetup-gfx-main-allocator-block-size=16777216"
    "memorysetup-gfx-thread-allocator-block-size=16777216"
    "memorysetup-cache-allocator-block-size=4194304"
    "memorysetup-typetree-allocator-block-size=2097152"
    "memorysetup-profiler-bucket-allocator-granularity=16"
    "memorysetup-profiler-bucket-allocator-bucket-count=8"
    "memorysetup-profiler-bucket-allocator-block-size=33554432"
    "memorysetup-profiler-bucket-allocator-block-count=8"
    "memorysetup-profiler-allocator-block-size=16777216"
    "memorysetup-profiler-editor-allocator-block-size=1048576"
    "memorysetup-temp-allocator-size-main=16777216"
    "memorysetup-job-temp-allocator-block-size=2097152"
    "memorysetup-job-temp-allocator-block-size-background=1048576"
    "memorysetup-job-temp-allocator-reduction-small-platforms=262144"
    "memorysetup-temp-allocator-size-background-worker=32768"
    "memorysetup-temp-allocator-size-job-worker=262144"
    "memorysetup-temp-allocator-size-preload-manager=33554432"
    "memorysetup-temp-allocator-size-nav-mesh-worker=65536"
    "memorysetup-temp-allocator-size-audio-worker=65536"
    "memorysetup-temp-allocator-size-cloud-worker=32768"
    "memorysetup-temp-allocator-size-gi-baking-worker=262144"
    "memorysetup-temp-allocator-size-gfx=262144"
Refreshing native plugins compatible for Editor in 59.38 ms, found 2 plugins.
Preloading 0 native plugins for Editor in 0.00 ms.
Initialize engine version: 2021.2.7f1 (6bd9e232123f)
[Subsystems] Discovering subsystems at path C:/Program Files/Unity/Hub/Editor/2021.2.7f1/Editor/Data/Resources/UnitySubsystems
[Subsystems] Discovering subsystems at path C:/GitHub/RockOfDestruction/Rock of Destruction!/Assets
GfxDevice: creating device client; threaded=0; jobified=0
Direct3D:
    Version:  Direct3D 11.0 [level 11.1]
    Renderer: NVIDIA GeForce GTX 1660 Ti with Max-Q Design (ID=0x2191)
    Vendor:   NVIDIA
    VRAM:     5991 MB
    Driver:   27.21.14.5183
Initialize mono
Mono path[0] = 'C:/Program Files/Unity/Hub/Editor/2021.2.7f1/Editor/Data/Managed'
Mono path[1] = 'C:/Program Files/Unity/Hub/Editor/2021.2.7f1/Editor/Data/MonoBleedingEdge/lib/mono/unityjit-win32'
Mono config path = 'C:/Program Files/Unity/Hub/Editor/2021.2.7f1/Editor/Data/MonoBleedingEdge/etc'
Using monoOptions --debugger-agent=transport=dt_socket,embedding=1,server=y,suspend=n,address=127.0.0.1:56076
Begin MonoManager ReloadAssembly
Registering precompiled unity dll's ...
Register platform support module: C:/Program Files/Unity/Hub/Editor/2021.2.7f1/Editor/Data/PlaybackEngines/WebGLSupport/UnityEditor.WebGL.Extensions.dll
Register platform support module: C:/Program Files/Unity/Hub/Editor/2021.2.7f1/Editor/Data/PlaybackEngines/WindowsStandaloneSupport/UnityEditor.WindowsStandalone.Extensions.dll
Registered in 0.008462 seconds.
Native extension for WindowsStandalone target not found
Native extension for WebGL target not found
Refreshing native plugins compatible for Editor in 44.30 ms, found 2 plugins.
Preloading 0 native plugins for Editor in 0.00 ms.
Mono: successfully reloaded assembly
- Completed reload, in  0.966 seconds
Domain Reload Profiling:
	ReloadAssembly (967ms)
		BeginReloadAssembly (116ms)
			ExecutionOrderSort (0ms)
			DisableScriptedObjects (0ms)
			BackupInstance (0ms)
			ReleaseScriptingObjects (0ms)
			CreateAndSetChildDomain (2ms)
		EndReloadAssembly (694ms)
			LoadAssemblies (112ms)
			RebuildTransferFunctionScriptingTraits (0ms)
			SetupTypeCache (191ms)
			ReleaseScriptCaches (0ms)
			RebuildScriptCaches (37ms)
			SetupLoadedEditorAssemblies (389ms)
				LogAssemblyErrors (0ms)
				InitializePlatformSupportModulesInManaged (17ms)
				SetLoadedEditorAssemblies (0ms)
				RefreshPlugins (44ms)
				BeforeProcessingInitializeOnLoad (1ms)
				ProcessInitializeOnLoadAttributes (228ms)
				ProcessInitializeOnLoadMethodAttributes (98ms)
				AfterProcessingInitializeOnLoad (0ms)
				EditorAssembliesLoaded (0ms)
			ExecutionOrderSort2 (0ms)
			AwakeInstancesAfterBackupRestoration (0ms)
Platform modules already initialized, skipping
Registering precompiled user dll's ...
Registered in 0.004163 seconds.
Begin MonoManager ReloadAssembly
Native extension for WindowsStandalone target not found
Native extension for WebGL target not found
Refreshing native plugins compatible for Editor in 0.55 ms, found 2 plugins.
Preloading 0 native plugins for Editor in 0.00 ms.
Mono: successfully reloaded assembly
- Completed reload, in  1.343 seconds
Domain Reload Profiling:
	ReloadAssembly (1345ms)
		BeginReloadAssembly (202ms)
			ExecutionOrderSort (0ms)
			DisableScriptedObjects (8ms)
			BackupInstance (0ms)
			ReleaseScriptingObjects (0ms)
			CreateAndSetChildDomain (31ms)
		EndReloadAssembly (962ms)
			LoadAssemblies (117ms)
			RebuildTransferFunctionScriptingTraits (0ms)
			SetupTypeCache (294ms)
			ReleaseScriptCaches (1ms)
			RebuildScriptCaches (55ms)
			SetupLoadedEditorAssemblies (463ms)
				LogAssemblyErrors (0ms)
				InitializePlatformSupportModulesInManaged (19ms)
				SetLoadedEditorAssemblies (1ms)
				RefreshPlugins (1ms)
				BeforeProcessingInitializeOnLoad (108ms)
				ProcessInitializeOnLoadAttributes (292ms)
				ProcessInitializeOnLoadMethodAttributes (32ms)
				AfterProcessingInitializeOnLoad (11ms)
				EditorAssembliesLoaded (0ms)
			ExecutionOrderSort2 (0ms)
			AwakeInstancesAfterBackupRestoration (13ms)
Platform modules already initialized, skipping
========================================================================
Worker process is ready to serve import requests
Launched and connected shader compiler UnityShaderCompiler.exe after 0.04 seconds
Refreshing native plugins compatible for Editor in 0.34 ms, found 2 plugins.
Preloading 0 native plugins for Editor in 0.00 ms.
Unloading 1619 Unused Serialized files (Serialized files now loaded: 0)
Unloading 19 unused Assets / (56.2 KB). Loaded Objects now: 2100.
Memory consumption went from 85.2 MB to 85.1 MB.
Total: 2.321200 ms (FindLiveObjects: 0.135400 ms CreateObjectMapping: 0.038300 ms MarkObjects: 2.057400 ms  DeleteObjects: 0.088500 ms)

AssetImportParameters requested are different than current active one (requested -> active):
  custom:video-decoder-ogg-theora: a1e56fd34408186e4bbccfd4996cb3dc -> 
  custom:container-muxer-webm: aa71ff27fc2769a1b78a27578f13a17b -> 
  custom:container-demuxer-webm: 4f35f7cbe854078d1ac9338744f61a02 -> 
  custom:video-encoder-webm-vp8: eb34c28f22e8b96e1ab97ce403110664 -> 
  custom:audio-encoder-webm-vorbis: bf7c407c2cedff20999df2af8eb42d56 -> 
  custom:framework-win-MediaFoundation: 216162199b28c13a410421893ffa2e32 -> 
  custom:container-demuxer-ogg: 62fdf1f143b41e24485cea50d1cbac27 -> 
  custom:video-decoder-webm-vp8: 9c59270c3fd7afecdb556c50c9e8de78 -> 
  custom:audio-decoder-ogg-vorbis: bf7c407c2cedff20999df2af8eb42d56 -> 
========================================================================
Received Import Request.
  Time since last request: 1480438.218761 seconds.
  path: Assets/Sprites/UI/GUI 3.png
  artifactKey: Guid(adecc062f71df1d4aaf30497c401f71c) Importer(815301076,1909f56bfc062723c751e8b465ee728b)
Start importing Assets/Sprites/UI/GUI 3.png using Guid(adecc062f71df1d4aaf30497c401f71c) Importer(815301076,1909f56bfc062723c751e8b465ee728b)  -> (artifact id: '3cbb38047049ec7270fc7165cd7f82fe') in 0.115459 seconds 
========================================================================
Received Import Request.
  Time since last request: 299.416896 seconds.
  path: Assets/Sprites/UI/GUI_3-removebg.png
  artifactKey: Guid(949260341b7466d4ea896ff6ffad6431) Importer(815301076,1909f56bfc062723c751e8b465ee728b)
Start importing Assets/Sprites/UI/GUI_3-removebg.png using Guid(949260341b7466d4ea896ff6ffad6431) Importer(815301076,1909f56bfc062723c751e8b465ee728b)  -> (artifact id: '5fc2ad2e48efebe1dbf6eb5151930769') in 0.110462 seconds 
========================================================================
Received Import Request.
  Time since last request: 15.771570 seconds.
  path: Assets/Sprites/UI/GUI_3-removebg.png
  artifactKey: Guid(949260341b7466d4ea896ff6ffad6431) Importer(815301076,1909f56bfc062723c751e8b465ee728b)
Start importing Assets/Sprites/UI/GUI_3-removebg.png using Guid(949260341b7466d4ea896ff6ffad6431) Importer(815301076,1909f56bfc062723c751e8b465ee728b)  -> (artifact id: 'eaf70d6481f240816b2dd401aad62f33') in 0.088388 seconds 
========================================================================
Received Import Request.
  Time since last request: 13.964764 seconds.
  path: Assets/Sprites/UI/GUI_3-removebg.png
  artifactKey: Guid(949260341b7466d4ea896ff6ffad6431) Importer(815301076,1909f56bfc062723c751e8b465ee728b)
Start importing Assets/Sprites/UI/GUI_3-removebg.png using Guid(949260341b7466d4ea896ff6ffad6431) Importer(815301076,1909f56bfc062723c751e8b465ee728b)  -> (artifact id: 'd209a3e4b9ffd8147c05b15b148da5f5') in 0.414942 seconds 
========================================================================
Received Import Request.
  Time since last request: 1108.160188 seconds.
  path: Assets/Sprites/UI/GUI_2-removebg.png
  artifactKey: Guid(74444c596cac68c4c869720d71648cd9) Importer(815301076,1909f56bfc062723c751e8b465ee728b)
Start importing Assets/Sprites/UI/GUI_2-removebg.png using Guid(74444c596cac68c4c869720d71648cd9) Importer(815301076,1909f56bfc062723c751e8b465ee728b)  -> (artifact id: 'cd9b5d3c0dafe8e534124c2828fe7ca5') in 0.130502 seconds 
========================================================================
Received Import Request.
  Time since last request: 18.276886 seconds.
  path: Assets/Sprites/UI/—Pngtree—set game buttons and popup_5981581 1.png
  artifactKey: Guid(a4d69444873e0b4438395fac18164680) Importer(815301076,1909f56bfc062723c751e8b465ee728b)
Start importing Assets/Sprites/UI/—Pngtree—set game buttons and popup_5981581 1.png using Guid(a4d69444873e0b4438395fac18164680) Importer(815301076,1909f56bfc062723c751e8b465ee728b)  -> (artifact id: 'e11e37084a11d8abcc41023c47846630') in 0.029929 seconds 
========================================================================
Received Import Request.
  Time since last request: 2.356303 seconds.
  path: Assets/Sprites/UI/yttd.rus.rar
  artifactKey: Guid(ce97253baed78bf43b3ae582d1e95ed8) Importer(815301076,1909f56bfc062723c751e8b465ee728b)
Start importing Assets/Sprites/UI/yttd.rus.rar using Guid(ce97253baed78bf43b3ae582d1e95ed8) Importer(815301076,1909f56bfc062723c751e8b465ee728b)  -> (artifact id: 'bdfbceb720d27fb7196efc034959f73f') in 0.003785 seconds 
========================================================================
Received Import Request.
  Time since last request: 1.086657 seconds.
  path: Assets/Sprites/UI/urok_1 (2).docx
  artifactKey: Guid(0e153ae114af1c14a9878718bf5d3eeb) Importer(815301076,1909f56bfc062723c751e8b465ee728b)
Start importing Assets/Sprites/UI/urok_1 (2).docx using Guid(0e153ae114af1c14a9878718bf5d3eeb) Importer(815301076,1909f56bfc062723c751e8b465ee728b)  -> (artifact id: '9475ac1c0f6db47a632094a29c07720d') in 0.003728 seconds 
========================================================================
Received Import Request.
  Time since last request: 9.539830 seconds.
  path: Assets/Sprites/UI/tsetup-x64.3.4.3.exe
  artifactKey: Guid(5c37a76dcf28b494bbab9d99157552f7) Importer(815301076,1909f56bfc062723c751e8b465ee728b)
Start importing Assets/Sprites/UI/tsetup-x64.3.4.3.exe using Guid(5c37a76dcf28b494bbab9d99157552f7) Importer(815301076,1909f56bfc062723c751e8b465ee728b)  -> (artifact id: 'b8d915b1bc22aafff7cb23b6642e78a3') in 0.004113 seconds 
========================================================================
Received Import Request.
  Time since last request: 15.263565 seconds.
  path: Assets/Sprites/UI/ideaIU-2021.3.1.exe
  artifactKey: Guid(b2185d62e28f2b54f9a0d8a95e868a10) Importer(815301076,1909f56bfc062723c751e8b465ee728b)
Start importing Assets/Sprites/UI/ideaIU-2021.3.1.exe using Guid(b2185d62e28f2b54f9a0d8a95e868a10) Importer(815301076,1909f56bfc062723c751e8b465ee728b)  -> (artifact id: '3741adf5d13e5fea3fdcb4299937ebe2') in 0.001850 seconds 
========================================================================
Received Import Request.
  Time since last request: 1.299476 seconds.
  path: Assets/Sprites/UI/jdk-17_windows-x64_bin.exe
  artifactKey: Guid(2d8795ba1dc1bca44a12460314703a6e) Importer(815301076,1909f56bfc062723c751e8b465ee728b)
Start importing Assets/Sprites/UI/jdk-17_windows-x64_bin.exe using Guid(2d8795ba1dc1bca44a12460314703a6e) Importer(815301076,1909f56bfc062723c751e8b465ee728b)  -> (artifact id: '437ea2462f8572d52f24dab604cbb0a0') in 0.002168 seconds 
========================================================================
Received Import Request.
  Time since last request: 3.737833 seconds.
  path: Assets/Sprites/UI/GitHubDesktopSetup-x64.exe
  artifactKey: Guid(d9f5aa34e898c2c408d9bad3bf2ac2fe) Importer(815301076,1909f56bfc062723c751e8b465ee728b)
Start importing Assets/Sprites/UI/GitHubDesktopSetup-x64.exe using Guid(d9f5aa34e898c2c408d9bad3bf2ac2fe) Importer(815301076,1909f56bfc062723c751e8b465ee728b)  -> (artifact id: '363dfd202cde1307a7c3c75b5121fbc3') in 0.001826 seconds 
========================================================================
Received Import Request.
  Time since last request: 2.992982 seconds.
  path: Assets/Sprites/UI/commandlinetools-win-7583922_latest.zip
  artifactKey: Guid(77a2fd6792a31cf4db17db1343ed5945) Importer(815301076,1909f56bfc062723c751e8b465ee728b)
Start importing Assets/Sprites/UI/commandlinetools-win-7583922_latest.zip using Guid(77a2fd6792a31cf4db17db1343ed5945) Importer(815301076,1909f56bfc062723c751e8b465ee728b)  -> (artifact id: 'e56ee929414849c05b3c6db47053baa6') in 0.004601 seconds 
========================================================================
Received Import Request.
  Time since last request: 2.958856 seconds.
  path: Assets/Sprites/UI/ChromeSetup.exe
  artifactKey: Guid(732013f58b22c254bb38c729979089da) Importer(815301076,1909f56bfc062723c751e8b465ee728b)
Start importing Assets/Sprites/UI/ChromeSetup.exe using Guid(732013f58b22c254bb38c729979089da) Importer(815301076,1909f56bfc062723c751e8b465ee728b)  -> (artifact id: '597d21a224644baf990540d92f403a39') in 0.001467 seconds 
========================================================================
Received Import Request.
  Time since last request: 0.667266 seconds.
  path: Assets/Sprites/UI/ConsoleApp2
  artifactKey: Guid(63a061fe084c76341831e142b38a3c82) Importer(815301076,1909f56bfc062723c751e8b465ee728b)
Start importing Assets/Sprites/UI/ConsoleApp2 using Guid(63a061fe084c76341831e142b38a3c82) Importer(815301076,1909f56bfc062723c751e8b465ee728b)  -> (artifact id: 'ed2fd221515f612a8d7bf83e1e56fc28') in 0.000994 seconds 
========================================================================
Received Prepare
Registering precompiled user dll's ...
Registered in 0.002322 seconds.
Begin MonoManager ReloadAssembly
Native extension for WindowsStandalone target not found
Native extension for WebGL target not found
Refreshing native plugins compatible for Editor in 0.36 ms, found 2 plugins.
Preloading 0 native plugins for Editor in 0.00 ms.
Mono: successfully reloaded assembly
- Completed reload, in  1.450 seconds
Domain Reload Profiling:
	ReloadAssembly (1451ms)
		BeginReloadAssembly (205ms)
			ExecutionOrderSort (0ms)
			DisableScriptedObjects (11ms)
			BackupInstance (0ms)
			ReleaseScriptingObjects (0ms)
			CreateAndSetChildDomain (50ms)
		EndReloadAssembly (1095ms)
			LoadAssemblies (104ms)
			RebuildTransferFunctionScriptingTraits (0ms)
			SetupTypeCache (250ms)
			ReleaseScriptCaches (2ms)
			RebuildScriptCaches (83ms)
			SetupLoadedEditorAssemblies (408ms)
				LogAssemblyErrors (0ms)
				InitializePlatformSupportModulesInManaged (18ms)
				SetLoadedEditorAssemblies (0ms)
				RefreshPlugins (1ms)
				BeforeProcessingInitializeOnLoad (68ms)
				ProcessInitializeOnLoadAttributes (286ms)
				ProcessInitializeOnLoadMethodAttributes (26ms)
				AfterProcessingInitializeOnLoad (8ms)
				EditorAssembliesLoaded (0ms)
			ExecutionOrderSort2 (0ms)
			AwakeInstancesAfterBackupRestoration (27ms)
Platform modules already initialized, skipping
Switching build target platform(19) subTarget(0) extendedPlatform(0) -> platform(13) subTarget(0) extendedPlatform(0)
Refreshing native plugins compatible for Editor in 0.35 ms, found 2 plugins.
Preloading 0 native plugins for Editor in 0.00 ms.
Unloading 1605 Unused Serialized files (Serialized files now loaded: 0)
Unloading 14 unused Assets / (25.8 KB). Loaded Objects now: 2220.
Memory consumption went from 99.7 MB to 99.7 MB.
Total: 2.455800 ms (FindLiveObjects: 0.143500 ms CreateObjectMapping: 0.033700 ms MarkObjects: 2.247100 ms  DeleteObjects: 0.029500 ms)

AssetImportParameters requested are different than current active one (requested -> active):
  custom:video-decoder-ogg-theora: a1e56fd34408186e4bbccfd4996cb3dc -> 
  custom:container-muxer-webm: aa71ff27fc2769a1b78a27578f13a17b -> 
  custom:container-demuxer-webm: 4f35f7cbe854078d1ac9338744f61a02 -> 
  custom:video-encoder-webm-vp8: eb34c28f22e8b96e1ab97ce403110664 -> 
  custom:audio-encoder-webm-vorbis: bf7c407c2cedff20999df2af8eb42d56 -> 
  custom:framework-win-MediaFoundation: 216162199b28c13a410421893ffa2e32 -> 
  custom:container-demuxer-ogg: 62fdf1f143b41e24485cea50d1cbac27 -> 
  custom:video-decoder-webm-vp8: 9c59270c3fd7afecdb556c50c9e8de78 -> 
  custom:audio-decoder-ogg-vorbis: bf7c407c2cedff20999df2af8eb42d56 -> 
========================================================================
Received Import Request.
  Time since last request: 17.325933 seconds.
  path: Assets/Sprites/UI/GUI_2-removebg.png
  artifactKey: Guid(74444c596cac68c4c869720d71648cd9) Importer(815301076,1909f56bfc062723c751e8b465ee728b)
Start importing Assets/Sprites/UI/GUI_2-removebg.png using Guid(74444c596cac68c4c869720d71648cd9) Importer(815301076,1909f56bfc062723c751e8b465ee728b)  -> (artifact id: 'eea81b463f6821683810112965b84678') in 0.045068 seconds 
========================================================================
Received Import Request.
  Time since last request: 1937.530992 seconds.
  path: Assets/Sprites/UI/phone-telephone-call-vibration-computer-icons-handphone-5abcd7983ff817.681556121522325400262.png
  artifactKey: Guid(740bf7d8acb986c41a65c9618b70f994) Importer(815301076,1909f56bfc062723c751e8b465ee728b)
Start importing Assets/Sprites/UI/phone-telephone-call-vibration-computer-icons-handphone-5abcd7983ff817.681556121522325400262.png using Guid(740bf7d8acb986c41a65c9618b70f994) Importer(815301076,1909f56bfc062723c751e8b465ee728b)  -> (artifact id: '4446a14a196f9ea37438af0c9a19a91c') in 0.016502 seconds 
========================================================================
Received Import Request.
  Time since last request: 2328.837591 seconds.
  path: Assets/Sprites/UI/cub2.png
  artifactKey: Guid(c527b9308649381428639d77723dc486) Importer(815301076,1909f56bfc062723c751e8b465ee728b)
Start importing Assets/Sprites/UI/cub2.png using Guid(c527b9308649381428639d77723dc486) Importer(815301076,1909f56bfc062723c751e8b465ee728b)  -> (artifact id: '395fef929a80473dce9b4859856ae69d') in 0.017827 seconds 
========================================================================
Received Import Request.
  Time since last request: 17.106199 seconds.
  path: Assets/Sprites/UI/cub2.png
  artifactKey: Guid(c527b9308649381428639d77723dc486) Importer(815301076,1909f56bfc062723c751e8b465ee728b)
Start importing Assets/Sprites/UI/cub2.png using Guid(c527b9308649381428639d77723dc486) Importer(815301076,1909f56bfc062723c751e8b465ee728b)  -> (artifact id: 'bd1699ce71aceac740678c6636870cb8') in 0.020235 seconds 
========================================================================
Received Import Request.
  Time since last request: 8.898237 seconds.
  path: Assets/Sprites/UI/cub2.png
  artifactKey: Guid(c527b9308649381428639d77723dc486) Importer(815301076,1909f56bfc062723c751e8b465ee728b)
Start importing Assets/Sprites/UI/cub2.png using Guid(c527b9308649381428639d77723dc486) Importer(815301076,1909f56bfc062723c751e8b465ee728b)  -> (artifact id: '9bf58b7e0b1b134411609f842654c203') in 0.071869 seconds 
========================================================================
Received Import Request.
  Time since last request: 159.650789 seconds.
  path: Assets/Sprites/UI/Phone.png
  artifactKey: Guid(8ab08fbc782340742b7e52971d873f32) Importer(815301076,1909f56bfc062723c751e8b465ee728b)
Start importing Assets/Sprites/UI/Phone.png using Guid(8ab08fbc782340742b7e52971d873f32) Importer(815301076,1909f56bfc062723c751e8b465ee728b)  -> (artifact id: '4f9f770ad8c3069961fd34a55e8484ad') in 0.018192 seconds 
========================================================================
Received Import Request.
  Time since last request: 9.786179 seconds.
  path: Assets/Sprites/UI/Phone.png
  artifactKey: Guid(8ab08fbc782340742b7e52971d873f32) Importer(815301076,1909f56bfc062723c751e8b465ee728b)
Start importing Assets/Sprites/UI/Phone.png using Guid(8ab08fbc782340742b7e52971d873f32) Importer(815301076,1909f56bfc062723c751e8b465ee728b)  -> (artifact id: '8a193f371cf155abdf5e813a99d93f33') in 0.034236 seconds 
========================================================================
Received Prepare
Registering precompiled user dll's ...
Registered in 0.002342 seconds.
Begin MonoManager ReloadAssembly
Native extension for WindowsStandalone target not found
Native extension for WebGL target not found
Refreshing native plugins compatible for Editor in 0.36 ms, found 2 plugins.
Preloading 0 native plugins for Editor in 0.00 ms.
Mono: successfully reloaded assembly
- Completed reload, in  1.292 seconds
Domain Reload Profiling:
	ReloadAssembly (1293ms)
		BeginReloadAssembly (205ms)
			ExecutionOrderSort (0ms)
			DisableScriptedObjects (12ms)
			BackupInstance (0ms)
			ReleaseScriptingObjects (0ms)
			CreateAndSetChildDomain (52ms)
		EndReloadAssembly (933ms)
			LoadAssemblies (104ms)
			RebuildTransferFunctionScriptingTraits (0ms)
			SetupTypeCache (286ms)
			ReleaseScriptCaches (1ms)
			RebuildScriptCaches (69ms)
			SetupLoadedEditorAssemblies (375ms)
				LogAssemblyErrors (0ms)
				InitializePlatformSupportModulesInManaged (19ms)
				SetLoadedEditorAssemblies (1ms)
				RefreshPlugins (1ms)
				BeforeProcessingInitializeOnLoad (63ms)
				ProcessInitializeOnLoadAttributes (246ms)
				ProcessInitializeOnLoadMethodAttributes (37ms)
				AfterProcessingInitializeOnLoad (8ms)
				EditorAssembliesLoaded (0ms)
			ExecutionOrderSort2 (0ms)
			AwakeInstancesAfterBackupRestoration (23ms)
Platform modules already initialized, skipping
Switching build target platform(19) subTarget(0) extendedPlatform(0) -> platform(13) subTarget(0) extendedPlatform(0)
Refreshing native plugins compatible for Editor in 0.38 ms, found 2 plugins.
Preloading 0 native plugins for Editor in 0.00 ms.
Unloading 1605 Unused Serialized files (Serialized files now loaded: 0)
Unloading 14 unused Assets / (24.6 KB). Loaded Objects now: 2325.
Memory consumption went from 103.0 MB to 103.0 MB.
Total: 4.320000 ms (FindLiveObjects: 1.271400 ms CreateObjectMapping: 0.117700 ms MarkObjects: 2.907600 ms  DeleteObjects: 0.021300 ms)

AssetImportParameters requested are different than current active one (requested -> active):
  custom:video-decoder-ogg-theora: a1e56fd34408186e4bbccfd4996cb3dc -> 
  custom:container-muxer-webm: aa71ff27fc2769a1b78a27578f13a17b -> 
  custom:container-demuxer-webm: 4f35f7cbe854078d1ac9338744f61a02 -> 
  custom:video-encoder-webm-vp8: eb34c28f22e8b96e1ab97ce403110664 -> 
  custom:audio-encoder-webm-vorbis: bf7c407c2cedff20999df2af8eb42d56 -> 
  custom:framework-win-MediaFoundation: 216162199b28c13a410421893ffa2e32 -> 
  custom:container-demuxer-ogg: 62fdf1f143b41e24485cea50d1cbac27 -> 
  custom:video-decoder-webm-vp8: 9c59270c3fd7afecdb556c50c9e8de78 -> 
  custom:audio-decoder-ogg-vorbis: bf7c407c2cedff20999df2af8eb42d56 -> 
========================================================================
Received Prepare
Registering precompiled user dll's ...
Registered in 0.006173 seconds.
Begin MonoManager ReloadAssembly
Native extension for WindowsStandalone target not found
Native extension for WebGL target not found
Refreshing native plugins compatible for Editor in 0.85 ms, found 2 plugins.
Preloading 0 native plugins for Editor in 0.00 ms.
Mono: successfully reloaded assembly
- Completed reload, in  1.309 seconds
Domain Reload Profiling:
	ReloadAssembly (1311ms)
		BeginReloadAssembly (180ms)
			ExecutionOrderSort (0ms)
			DisableScriptedObjects (18ms)
			BackupInstance (0ms)
			ReleaseScriptingObjects (0ms)
			CreateAndSetChildDomain (46ms)
		EndReloadAssembly (963ms)
			LoadAssemblies (85ms)
			RebuildTransferFunctionScriptingTraits (0ms)
			SetupTypeCache (310ms)
			ReleaseScriptCaches (1ms)
			RebuildScriptCaches (65ms)
			SetupLoadedEditorAssemblies (375ms)
				LogAssemblyErrors (0ms)
				InitializePlatformSupportModulesInManaged (21ms)
				SetLoadedEditorAssemblies (1ms)
				RefreshPlugins (1ms)
				BeforeProcessingInitializeOnLoad (55ms)
				ProcessInitializeOnLoadAttributes (252ms)
				ProcessInitializeOnLoadMethodAttributes (32ms)
				AfterProcessingInitializeOnLoad (12ms)
				EditorAssembliesLoaded (0ms)
			ExecutionOrderSort2 (0ms)
			AwakeInstancesAfterBackupRestoration (23ms)
Platform modules already initialized, skipping
Switching build target platform(19) subTarget(0) extendedPlatform(0) -> platform(13) subTarget(0) extendedPlatform(0)
Refreshing native plugins compatible for Editor in 0.66 ms, found 2 plugins.
Preloading 0 native plugins for Editor in 0.00 ms.
Unloading 1603 Unused Serialized files (Serialized files now loaded: 0)
Unloading 14 unused Assets / (24.6 KB). Loaded Objects now: 2327.
Memory consumption went from 102.9 MB to 102.9 MB.
Total: 2.504100 ms (FindLiveObjects: 0.179500 ms CreateObjectMapping: 0.039900 ms MarkObjects: 2.261400 ms  DeleteObjects: 0.021600 ms)

AssetImportParameters requested are different than current active one (requested -> active):
  custom:video-decoder-ogg-theora: a1e56fd34408186e4bbccfd4996cb3dc -> 
  custom:container-muxer-webm: aa71ff27fc2769a1b78a27578f13a17b -> 
  custom:container-demuxer-webm: 4f35f7cbe854078d1ac9338744f61a02 -> 
  custom:video-encoder-webm-vp8: eb34c28f22e8b96e1ab97ce403110664 -> 
  custom:audio-encoder-webm-vorbis: bf7c407c2cedff20999df2af8eb42d56 -> 
  custom:framework-win-MediaFoundation: 216162199b28c13a410421893ffa2e32 -> 
  custom:container-demuxer-ogg: 62fdf1f143b41e24485cea50d1cbac27 -> 
  custom:video-decoder-webm-vp8: 9c59270c3fd7afecdb556c50c9e8de78 -> 
  custom:audio-decoder-ogg-vorbis: bf7c407c2cedff20999df2af8eb42d56 -> 
